<!DOCTYPE html>
<html>
<head>
    <title>Unittest Results</title>
    <meta charset="utf-8">
    <meta name="viewport" content="width=device-width, initial-scale=1.0">
    <link rel="stylesheet" href="https://maxcdn.bootstrapcdn.com/bootstrap/3.3.6/css/bootstrap.min.css" integrity="sha384-1q8mTJOASx8j1Au+a5WDVnPi2lkFfwwEAa8hDDdjZlpLegxhjVME1fgjWPGmkzs7" crossorigin="anonymous">
</head>
<body>
    <div class="container">
        <div class="row">
            <div class="col-xs-12">
                <h2 class="text-capitalize">Unittest Results</h2>
                <p class='attribute'><strong>Start Time: </strong>2022-01-21 14:16:18</p>
                <p class='attribute'><strong>Duration: </strong>1.03 s</p>
                <p class='attribute'><strong>Summary: </strong>Total: 1, Pass: 0, Error: 1</p>
            </div>
        </div>
        <div class="row">
            <div class="col-xs-12 col-sm-10 col-md-10">
                <table class='table table-hover table-responsive'>
                    <thead>
                        <tr>
                            <th>__main__.LoginTest</th>
                            <th>Status</th>
                            <th></th>
                        </tr>
                    </thead>
                    <tbody>
                        <tr class='warning'>
                            <td class="col-xs-10">test_login_valid</td>
                            <td class="col-xs-1">
                                <span class="label label-warning" style="display:block;width:40px;">Error</span>
                            </td>
                            <td class="col-xs-1">
                                <button class="btn btn-default btn-xs">View</button>
                            </td>
                        </tr>
                        <tr style="display:none;">
                            <td class="col-xs-9" colspan="3"><p style="color:maroon;">NoSuchElementException: Message: no such element: Unable to locate element: {"method":"link text","selector":"Logout"}
  (Session info: chrome=97.0.4692.71)
Stacktrace:
#0 0x558e2828fee3 <unknown>
#1 0x558e27d5d608 <unknown>
#2 0x558e27d93aa1 <unknown>
#3 0x558e27d93c61 <unknown>
#4 0x558e27dc6714 <unknown>
#5 0x558e27db129d <unknown>
#6 0x558e27dc43bc <unknown>
#7 0x558e27db1163 <unknown>
#8 0x558e27d86bfc <unknown>
#9 0x558e27d87c05 <unknown>
#10 0x558e282c1baa <unknown>
#11 0x558e282d7651 <unknown>
#12 0x558e282c2b05 <unknown>
#13 0x558e282d8a68 <unknown>
#14 0x558e282b705f <unknown>
#15 0x558e282f3818 <unknown>
#16 0x558e282f3998 <unknown>
#17 0x558e2830eeed <unknown>
#18 0x7fef5599d609 <unknown>
</p><p style="color:maroon;">Traceback (most recent call last):
  File "login.py", line 31, in test_login_valid
    paccount.click_logout()
  File "/home/i1550/Desktop/final_project/onlineEHR/App_Testing/Pages/phomePage.py", line 11, in click_logout
    self.driver.find_element_by_link_text(self.logout_link_linktest).click()
  File "/home/i1550/.local/lib/python3.8/site-packages/selenium/webdriver/remote/webdriver.py", line 568, in find_element_by_link_text
    return self.find_element(by=By.LINK_TEXT, value=link_text)
  File "/home/i1550/.local/lib/python3.8/site-packages/selenium/webdriver/remote/webdriver.py", line 1244, in find_element
    return self.execute(Command.FIND_ELEMENT, {
  File "/home/i1550/.local/lib/python3.8/site-packages/selenium/webdriver/remote/webdriver.py", line 424, in execute
    self.error_handler.check_response(response)
  File "/home/i1550/.local/lib/python3.8/site-packages/selenium/webdriver/remote/errorhandler.py", line 247, in check_response
    raise exception_class(message, screen, stacktrace)
selenium.common.exceptions.NoSuchElementException: Message: no such element: Unable to locate element: {"method":"link text","selector":"Logout"}
  (Session info: chrome=97.0.4692.71)
Stacktrace:
#0 0x558e2828fee3 <unknown>
#1 0x558e27d5d608 <unknown>
#2 0x558e27d93aa1 <unknown>
#3 0x558e27d93c61 <unknown>
#4 0x558e27dc6714 <unknown>
#5 0x558e27db129d <unknown>
#6 0x558e27dc43bc <unknown>
#7 0x558e27db1163 <unknown>
#8 0x558e27d86bfc <unknown>
#9 0x558e27d87c05 <unknown>
#10 0x558e282c1baa <unknown>
#11 0x558e282d7651 <unknown>
#12 0x558e282c2b05 <unknown>
#13 0x558e282d8a68 <unknown>
#14 0x558e282b705f <unknown>
#15 0x558e282f3818 <unknown>
#16 0x558e282f3998 <unknown>
#17 0x558e2830eeed <unknown>
#18 0x7fef5599d609 <unknown>

</p>
                            </td>
                        </tr>
                        <tr>
                            <td colspan="3">
                                Total: 1, Pass: 0, Error: 1 -- Duration: 1.03 s
                            </td>
                        </tr>
                    </tbody>
                </table>
            </div>
        </div>
    </div>
    <script src="https://ajax.googleapis.com/ajax/libs/jquery/2.2.4/jquery.min.js"></script>
    <script type="text/javascript">
        $(document).ready(function(){
            $('td').on('click', '.btn', function(e){
                e.preventDefault();
                e.stopImmediatePropagation();
                var $this = $(this);
                var $nextRow = $this.closest('tr').next('tr');
                $nextRow.slideToggle("fast");
                $this.text(function(i, text){
                    if (text === 'View') {
                        return 'Hide';
                    } else {
                        return 'View';
                    };
                });
            });
        });
    </script>
</body>
</html